This is e-pTeX, Version 3.14159265-p3.8.3-191112-2.6 (utf8.sjis) (TeX Live 2019/W32TeX) (preloaded format=platex 2019.12.11)  12 FEB 2021 16:02
entering extended mode
 restricted \write18 enabled.
 %&-line parsing enabled.
**gra_thes_inada
(./gra_thes_inada.tex
pLaTeX2e <2019-10-01>+1 (based on LaTeX2e <2019-10-01> patch level 3)
(c:/w32tex/share/texmf-dist/tex/platex/base/pl209.def
Entering pLaTeX 2.09 compatibility mode.
(c:/w32tex/share/texmf-dist/tex/latex/base/latex209.def
File: latex209.def 2018/08/11 v0.54 Standard LaTeX file


          Entering LaTeX 2.09 COMPATIBILITY MODE
 *************************************************************
    !!WARNING!!    !!WARNING!!    !!WARNING!!    !!WARNING!!   
 
 This mode attempts to provide an emulation of the LaTeX 2.09
 author environment so that OLD documents can be successfully
 processed. It should NOT be used for NEW documents!
 
 New documents should use Standard LaTeX conventions and start
 with the \documentclass command.
 
 Compatibility mode is UNLIKELY TO WORK with LaTeX 2.09 style
 files that change any internal macros, especially not with
 those that change the FONT SELECTION or OUTPUT ROUTINES.
 
 Therefore such style files MUST BE UPDATED to use
          Current Standard LaTeX: LaTeX2e.
 If you suspect that you may be using such a style file, which
 is probably very, very old by now, then you should attempt to
 get it updated by sending a copy of this error message to the
 author of that file.
 *************************************************************

\footheight=\dimen118
\@maxsep=\dimen119
\@dblmaxsep=\dimen120
\@cla=\count83
\@clb=\count84
\mscount=\count85
(c:/w32tex/share/texmf-dist/tex/latex/base/tracefnt.sty
Package: tracefnt 2015/02/21 v3.0k Standard LaTeX package (font tracing)
\tracingfonts=\count86
LaTeX Info: Redefining \selectfont on input line 106.
)
\symbold=\mathgroup4
\symsans=\mathgroup5
\symtypewriter=\mathgroup6
\symitalic=\mathgroup7
\symsmallcaps=\mathgroup8
\symslanted=\mathgroup9
LaTeX Font Info:    Redeclaring math alphabet \mathbf on input line 269.
LaTeX Font Info:    Redeclaring math alphabet \mathsf on input line 270.
LaTeX Font Info:    Redeclaring math alphabet \mathtt on input line 271.
LaTeX Font Info:    Redeclaring math alphabet \mathit on input line 277.
LaTeX Info: Redefining \em on input line 287.

(c:/w32tex/share/texmf-dist/tex/latex/base/latexsym.sty
Package: latexsym 1998/08/17 v2.2e Standard LaTeX package (lasy symbols)
\symlasy=\mathgroup10
LaTeX Font Info:    Overwriting symbol font `lasy' in version `bold'
(Font)                  U/lasy/m/n --> U/lasy/b/n on input line 52.
)
LaTeX Font Info:    Redeclaring math delimiter \lgroup on input line 333.
LaTeX Font Info:    Redeclaring math delimiter \rgroup on input line 335.
LaTeX Font Info:    Redeclaring math delimiter \bracevert on input line 337.
)
(c:/w32tex/share/texmf-dist/tex/platex/base/ptrace.sty
Package: ptrace 2019/09/16 v1.6t Standard pLaTeX package (font tracing)
LaTeX Info: Redefining \selectfont on input line 20.
Applying: [2017/04/08] Construct \ystrutbox  on input line 76.
Already applied: [0000/00/00] ASCII Corporation original on input line 111.
Applying: [2019/10/01] Make robust on input line 146.
LaTeX Info: Redefining \adjustbaseline on input line 147.
Already applied: [2017/07/29] Change zenkaku reference on input line 170.
Already applied: [0000/00/00] ASCII Corporation original on input line 195.
)
\symmincho=\mathgroup11
\symgothic=\mathgroup12
LaTeX Font Info:    Overwriting symbol font `mincho' in version `bold'
(Font)                  JY1/mc/m/n --> JY1/gt/m/n on input line 35.
LaTeX Info: Redefining \bf on input line 49.
LaTeX Info: Redefining \rm on input line 56.
LaTeX Info: Redefining \sf on input line 57.
LaTeX Info: Redefining \sl on input line 58.
LaTeX Info: Redefining \sc on input line 59.
LaTeX Info: Redefining \it on input line 60.
LaTeX Info: Redefining \tt on input line 61.
LaTeX Info: Redefining \em on input line 62.
)
Compatibility mode: loading jronbun.sty rather than jronbun.cls.
 (./jronbun.sty
Document Style ``修士or卒業論文(日本語用)''. <19 Feb 94>
\descriptionmargin=\dimen121
\c@part=\count87
\c@chapter=\count88
\c@section=\count89
\c@subsection=\count90
\c@subsubsection=\count91
\c@paragraph=\count92
\c@subparagraph=\count93
\c@figure=\count94
\c@table=\count95
\leftheadmargin=\dimen122
\rightheadmargin=\dimen123
\rightheadoutmargin=\dimen124
) (c:/w32tex/share/texmf-dist/tex/latex/graphics/graphicx.sty
Package: graphicx 2017/06/01 v1.1a Enhanced LaTeX Graphics (DPC,SPQR)

(c:/w32tex/share/texmf-dist/tex/latex/graphics/keyval.sty
Package: keyval 2014/10/28 v1.15 key=value parser (DPC)
\KV@toks@=\toks15
)
(c:/w32tex/share/texmf-dist/tex/latex/graphics/graphics.sty
Package: graphics 2019/11/01 v1.3d Standard LaTeX Graphics (DPC,SPQR)

(c:/w32tex/share/texmf-dist/tex/latex/graphics/trig.sty
Package: trig 2016/01/03 v1.10 sin cos tan (DPC)
)
(c:/w32tex/share/texmf-dist/tex/latex/graphics-cfg/graphics.cfg
File: graphics.cfg 2016/06/04 v1.11 sample graphics configuration
)
Package graphics Info: Driver file: dvips.def on input line 105.

(c:/w32tex/share/texmf-dist/tex/latex/graphics-def/dvips.def
File: dvips.def 2017/06/20 v3.1d Graphics/color driver for dvips
))
\Gin@req@height=\dimen125
\Gin@req@width=\dimen126
)
(./gra_thes_inada.aux)
\openout1 = `gra_thes_inada.aux'.

LaTeX Font Info:    Checking defaults for OML/cmm/m/it on input line 21.
LaTeX Font Info:    ... okay on input line 21.
LaTeX Font Info:    Checking defaults for T1/cmr/m/n on input line 21.
LaTeX Font Info:    ... okay on input line 21.
LaTeX Font Info:    Checking defaults for OT1/cmr/m/n on input line 21.
LaTeX Font Info:    ... okay on input line 21.
LaTeX Font Info:    Checking defaults for OMS/cmsy/m/n on input line 21.
LaTeX Font Info:    ... okay on input line 21.
LaTeX Font Info:    Checking defaults for OMX/cmex/m/n on input line 21.
LaTeX Font Info:    ... okay on input line 21.
LaTeX Font Info:    Checking defaults for U/cmr/m/n on input line 21.
LaTeX Font Info:    ... okay on input line 21.
LaTeX Font Info:    Checking defaults for JY1/mc/m/n on input line 21.
LaTeX Font Info:    ... okay on input line 21.
LaTeX Font Info:    Checking defaults for JT1/mc/m/n on input line 21.
LaTeX Font Info:    ... okay on input line 21.
LaTeX Font Info:    External font `cmex10' loaded for size
(Font)              <14.4> on input line 23.
LaTeX Font Info:    External font `cmex10' loaded for size
(Font)              <7> on input line 23.
LaTeX Font Info:    Trying to load font information for U+lasy on input line 23
.
 (c:/w32tex/share/texmf-dist/tex/latex/base/ulasy.fd
File: ulasy.fd 1998/08/17 v2.2e LaTeX symbol font definitions
)
[0


]
LaTeX Font Info:    Font shape `JT1/mc/bx/n' in size <24.88> not available
(Font)              Font shape `JT1/gt/m/n' tried instead on input line 26.
LaTeX Font Info:    Font shape `JY1/mc/bx/n' in size <24.88> not available
(Font)              Font shape `JY1/gt/m/n' tried instead on input line 26.
 (./gra_thes_inada.toc
LaTeX Font Info:    Font shape `JT1/mc/bx/n' in size <12> not available
(Font)              Font shape `JT1/gt/m/n' tried instead on input line 1.
LaTeX Font Info:    Font shape `JY1/mc/bx/n' in size <12> not available
(Font)              Font shape `JY1/gt/m/n' tried instead on input line 1.
LaTeX Font Info:    External font `cmex10' loaded for size
(Font)              <12> on input line 4.
LaTeX Font Info:    External font `cmex10' loaded for size
(Font)              <8> on input line 4.
LaTeX Font Info:    External font `cmex10' loaded for size
(Font)              <6> on input line 4.
 [1

])
\tf@toc=\write3
\openout3 = `gra_thes_inada.toc'.

 [2]
第 1 章
(./1.tex [1


]) [2]
第 2 章
(./2.tex
LaTeX Font Info:    Font shape `JT1/mc/bx/n' in size <14.4> not available
(Font)              Font shape `JT1/gt/m/n' tried instead on input line 7.
LaTeX Font Info:    Font shape `JY1/mc/bx/n' in size <14.4> not available
(Font)              Font shape `JY1/gt/m/n' tried instead on input line 7.
File: ./picture/vjimodel.eps Graphic file (type eps)
 <./picture/vjimodel.eps> [3

] [4]) [5]
第 3 章
(./3.tex) (./3-1.tex
LaTeX Font Info:    Font shape `JT1/mc/bx/n' in size <17.28> not available
(Font)              Font shape `JT1/gt/m/n' tried instead on input line 4.
LaTeX Font Info:    Font shape `JY1/mc/bx/n' in size <17.28> not available
(Font)              Font shape `JY1/gt/m/n' tried instead on input line 4.
 [6

] [7]
File: ./picture/system_image.eps Graphic file (type eps)
 <./picture/system_image.eps> [8]) (./3-2.tex
File: ./picture/usecase_3.eps Graphic file (type eps)

<./picture/usecase_3.eps>

LaTeX Warning: Float too large for page by 6.56003pt on input line 14.

[9] [10]
File: ./picture/sougoutest_koumoku.eps Graphic file (type eps)
 <./picture/sougoutest_koumoku.eps>) (./3-3.tex [11]
File: ./picture/class_3.eps Graphic file (type eps)

<./picture/class_3.eps> [12]
File: ./picture/activity_kanshi_1.eps Graphic file (type eps)
 <./picture/activity_kanshi_1.eps>
File: ./picture/activity_enterlisk_1.eps Graphic file (type eps)

<./picture/activity_enterlisk_1.eps>

LaTeX Warning: Float too large for page by 29.09573pt on input line 50.

File: ./picture/activity_kanki_1.eps Graphic file (type eps)
<./picture/activity_kanki_1.eps>

LaTeX Warning: Float too large for page by 16.82477pt on input line 56.

File: ./picture/activity_kankyou_2.eps Graphic file (type eps)
<./picture/activity_kankyou_2.eps> [13] [14] [15] [16] [17]
File: ./picture/ketugoutest_koumoku.eps Graphic file (type eps)

<./picture/ketugoutest_koumoku.eps> [18] [19]) (./3-4.tex
File: ./picture/sequence_kanshi_3.eps Graphic file (type eps)

<./picture/sequence_kanshi_3.eps>
File: ./picture/sequence_nyushitsu_2.eps Graphic file (type eps)
 <./picture/sequence_nyushitsu_2.eps>
File: ./picture/sequence_kanki_2.eps Graphic file (type eps)

<./picture/sequence_kanki_2.eps>
File: ./picture/sequence_shitsunai_2.eps Graphic file (type eps)
 <./picture/sequence_shitsunai_2.eps> [20]
[21] [22] [23] [24]
File: ./picture/statechart_micon.eps Graphic file (type eps)
 <./picture/statechart_micon.eps> [25] [26]
File: ./picture/tantaitest_twelite_koumoku.eps Graphic file (type eps)

<./picture/tantaitest_twelite_koumoku.eps>) [27]
第 4 章
(./4.tex) (./4-1.tex
File: ./picture/kairozu.eps Graphic file (type eps)
 <./picture/kairozu.eps> [28

]
File: ./picture/co2_wait_graph.eps Graphic file (type eps)

<./picture/co2_wait_graph.eps> [29] [30] [31]) (./4-2.tex
File: ./picture/tantaitest_twelite_kekka.eps Graphic file (type eps)

<./picture/tantaitest_twelite_kekka.eps> [32] [33]
File: ./picture/kairozu_keisoku.eps Graphic file (type eps)

<./picture/kairozu_keisoku.eps> [34]
File: ./picture/tuujou_dennryoku.eps Graphic file (type eps)
 <./picture/tuujou_dennryoku.eps> [35]
[36]
File: ./picture/ketugoutest.eps Graphic file (type eps)
 <./picture/ketugoutest.eps> [37]
File: ./picture/sougoutest.eps Graphic file (type eps)
 <./picture/sougoutest.eps> [38]) [39]
第 5 章
(./5.tex) (./5-1.tex
File: ./picture/device_pic.eps Graphic file (type eps)
 <./picture/device_pic.eps> [40

] [41]) (./5-2.tex) [42]
第 6 章
(./6.tex) [43

] [44

]
Underfull \hbox (badness 10000) in paragraph at lines 93--94
[]\JY1/mc/m/n/12 厚生労働省 ， 「 換気の悪い密閉空間 」 を改善するための換気の
方法 ，
 []


Underfull \hbox (badness 10000) in paragraph at lines 120--121
[]\JY1/mc/m/n/12 モノワイヤレス株式会社 ， モノをつなぐ
 []

[45

]
Overfull \hbox (7.3204pt too wide) in paragraph at lines 126--127
\OT1/cmr/m/n/12 https://jpn.faq.panasonic.com/app/answers/detail/a[]id/29060/p/
1844,1845,1846/ 
 []


Underfull \hbox (badness 10000) in paragraph at lines 129--130
[]\JY1/mc/m/n/12 気象庁 ， 気象庁 \OT1/cmr/m/n/12 | \JY1/mc/m/n/12 二酸化炭素濃
度の観測結果 ，
 []


Underfull \hbox (badness 10000) in paragraph at lines 132--135
[]\JY1/mc/m/n/12 気象庁 ， \OT1/cmr/m/n/12 2021 \JY1/mc/m/n/12 年 \OT1/cmr/m/n/
12 01 \JY1/mc/m/n/12 月 \OT1/cmr/m/n/12 27 \JY1/mc/m/n/12 日　松山 \OT1/cmr/m/n
/12 (\JY1/mc/m/n/12 マツヤマ\OT1/cmr/m/n/12 ) \JY1/mc/m/n/12 　毎正時の観測デ 
ータ，
 []

[46] (./gra_thes_inada.aux) ) 
Here is how much of TeX's memory you used:
 1022 strings out of 492749
 13831 string characters out of 6141886
 87928 words of memory out of 5000000
 5431 multiletter control sequences out of 15000+600000
 28336 words of font info for 108 fonts, out of 8000000 for 9000
 929 hyphenation exceptions out of 8191
 32i,14n,26p,985b,377s stack positions out of 5000i,500n,10000p,500000b,80000s

Output written on gra_thes_inada.dvi (49 pages, 115772 bytes).
